<?xml version="1.0" encoding="UTF-8"?>
<!-- Generated by org.testng.reporters.JUnitReportReporter -->
<testsuite hostname="Shrishti_BT" failures="0" tests="1" name="com.qa.test.MaverickGetApiTest" time="0.426" errors="0" timestamp="2023-05-22T19:54:08 IST" skipped="0">
  <testcase classname="com.qa.test.MaverickGetApiTest" name="getApiTestwithHeaders" time="0.426"/>
  <system-out/>
</testsuite> <!-- com.qa.test.MaverickGetApiTest -->
