<?xml version="1.0" encoding="UTF-8"?>
<!-- Generated by org.testng.reporters.JUnitReportReporter -->
<testsuite hostname="Shrishti_BT" failures="0" tests="1" name="com.qa.test.GetApiTest" time="1.631" errors="0" timestamp="2023-05-10T14:57:21 IST" skipped="0">
  <testcase classname="com.qa.test.GetApiTest" name="getApiTest" time="1.631"/>
  <system-out/>
</testsuite> <!-- com.qa.test.GetApiTest -->
