<?xml version="1.0" encoding="UTF-8"?>
<!-- Generated by org.testng.reporters.JUnitReportReporter -->
<testsuite hostname="Shrishti_BT" failures="0" tests="2" name="com.qa.test.GetApiTest_1" time="1.060" errors="0" timestamp="2023-05-24T15:07:44 IST" skipped="0">
  <testcase classname="com.qa.test.GetApiTest_1" name="getApiTestwithoutHeaders" time="0.929"/>
  <system-out/>
  <testcase classname="com.qa.test.GetApiTest_1" name="getApiTestwithHeaders" time="0.131"/>
  <system-out/>
</testsuite> <!-- com.qa.test.GetApiTest_1 -->
