<?xml version="1.0" encoding="UTF-8"?>
<!-- Generated by org.testng.reporters.JUnitReportReporter -->
<testsuite hostname="Shrishti_BT" failures="0" tests="1" name="com.qa.test.PostAPITest" time="1.640" errors="0" timestamp="2023-05-18T11:30:25 IST" skipped="0">
  <testcase classname="com.qa.test.PostAPITest" name="postApiTest" time="1.640"/>
  <system-out/>
</testsuite> <!-- com.qa.test.PostAPITest -->
