<?xml version="1.0" encoding="UTF-8"?>
<!-- Generated by org.testng.reporters.JUnitReportReporter -->
<testsuite hostname="Shrishti_BT" failures="0" tests="1" name="com.qa.rest.tests.MaverickPostApitest_BDD" time="2.047" errors="0" timestamp="2023-06-02T14:24:05 IST" skipped="0">
  <testcase classname="com.qa.rest.tests.MaverickPostApitest_BDD" name="test_POST_Analysis_Load" time="2.047"/>
  <system-out/>
</testsuite> <!-- com.qa.rest.tests.MaverickPostApitest_BDD -->
