<?xml version="1.0" encoding="UTF-8"?>
<!-- Generated by org.testng.reporters.JUnitReportReporter -->
<testsuite hostname="Shrishti_BT" failures="0" tests="2" name="com.qa.rest.tests.DeleteApiTest_Product_BDD" time="2.261" errors="0" timestamp="2023-05-23T14:31:20 IST" skipped="0">
  <testcase classname="com.qa.rest.tests.DeleteApiTest_Product_BDD" name="Test_Delete_Product" time="2.157"/>
  <system-out/>
  <testcase classname="com.qa.rest.tests.DeleteApiTest_Product_BDD" name="Verify_Delete_Product" time="0.104"/>
  <system-out/>
</testsuite> <!-- com.qa.rest.tests.DeleteApiTest_Product_BDD -->
