<?xml version="1.0" encoding="UTF-8"?>
<!-- Generated by org.testng.reporters.JUnitReportReporter -->
<testsuite hostname="Shrishti_BT" failures="0" tests="1" name="com.qa.rest.tests.MaverickGetApiTest_BDD" time="1.999" errors="0" timestamp="2023-06-02T14:22:53 IST" skipped="0">
  <testcase classname="com.qa.rest.tests.MaverickGetApiTest_BDD" name="Test_User_Profile" time="1.999"/>
  <system-out/>
</testsuite> <!-- com.qa.rest.tests.MaverickGetApiTest_BDD -->
