<?xml version="1.0" encoding="UTF-8"?>
<!-- Generated by org.testng.reporters.JUnitReportReporter -->
<testsuite hostname="Shrishti_BT" failures="0" tests="1" name="com.qa.rest.tests.GetCallBDD" time="2.116" errors="0" timestamp="2023-05-16T18:03:24 IST" skipped="0">
  <testcase classname="com.qa.rest.tests.GetCallBDD" name="test_noOfCircuits_2015_Season" time="2.116"/>
  <system-out/>
</testsuite> <!-- com.qa.rest.tests.GetCallBDD -->
