<?xml version="1.0" encoding="UTF-8"?>
<!-- Generated by org.testng.reporters.JUnitReportReporter -->
<testsuite hostname="Shrishti_BT" failures="0" tests="1" name="com.qa.rest.tests.GetCallBDDWeather" time="2.798" errors="0" timestamp="2023-05-18T16:50:03 IST" skipped="0">
  <testcase classname="com.qa.rest.tests.GetCallBDDWeather" name="test_Severe_Alerts" time="2.798"/>
  <system-out/>
</testsuite> <!-- com.qa.rest.tests.GetCallBDDWeather -->
