<?xml version="1.0" encoding="UTF-8"?>
<!-- Generated by org.testng.reporters.JUnitReportReporter -->
<testsuite hostname="Shrishti_BT" failures="0" tests="1" name="com.qa.rest.tests.PatchApiTest_Product_BDD" time="1.813" errors="0" timestamp="2023-05-23T14:04:11 IST" skipped="0">
  <testcase classname="com.qa.rest.tests.PatchApiTest_Product_BDD" name="Test_PATCH_Product" time="1.813"/>
  <system-out/>
</testsuite> <!-- com.qa.rest.tests.PatchApiTest_Product_BDD -->
